2026-05-20 15:35:58,652 - INFO - Opening Nykaa
2026-05-20 15:35:59,682 - INFO - Searching product
2026-05-20 15:36:09,139 - INFO - Opening product page
2026-05-20 15:36:12,302 - INFO - Product page opened
2026-05-20 15:36:12,837 - INFO - Added to bag
2026-05-20 15:36:17,020 - INFO - Cart opened
2026-05-20 15:36:34,911 - INFO - Proceeded to checkout
2026-05-20 15:36:39,991 - INFO - Guest clicked successfully
2026-05-20 15:36:45,022 - INFO - CURRENT URL: https://www.nykaa.com/v2/address
2026-05-20 15:36:58,820 - INFO - Checkout completed
2026-05-20 15:51:16,067 - INFO - Opening Nykaa
2026-05-20 15:51:16,863 - INFO - Searching product
2026-05-20 15:51:26,187 - INFO - Opening product page
2026-05-20 15:51:29,318 - INFO - Product page opened
2026-05-20 15:51:29,872 - INFO - Added to bag
2026-05-20 15:51:34,024 - INFO - Cart opened
2026-05-20 15:51:37,791 - INFO - Proceeded to checkout
2026-05-20 15:51:42,864 - INFO - Guest clicked successfully
2026-05-20 15:51:47,898 - INFO - CURRENT URL: https://www.nykaa.com/v2/address
2026-05-20 15:51:58,596 - ERROR - TEST FAILED: name 'log' is not defined
2026-05-20 15:54:47,597 - INFO - Opening Nykaa
2026-05-20 15:54:48,423 - INFO - Searching product
2026-05-20 15:54:58,269 - INFO - Opening product page
2026-05-20 15:55:01,415 - INFO - Product page opened
2026-05-20 15:55:01,518 - INFO - Added to bag
2026-05-20 15:55:05,688 - INFO - Cart opened
2026-05-20 15:55:09,648 - INFO - Proceeded to checkout
2026-05-20 15:55:14,715 - INFO - Guest button clicked
2026-05-20 15:55:14,716 - INFO - Guest clicked successfully
2026-05-20 15:55:19,749 - INFO - CURRENT URL: https://www.nykaa.com/v2/address
2026-05-20 15:55:19,752 - INFO - Address page opened
2026-05-20 15:57:23,733 - INFO - Address filled successfully
2026-05-20 15:57:26,736 - ERROR - Ship button failed: Message: invalid session id: session deleted as the browser has closed the connection
from disconnected: not connected to DevTools
  (Session info: chrome=148.0.7778.168); For documentation on this error, please visit: https://www.selenium.dev/documentation/webdriver/troubleshooting/errors#invalidsessionidexception
Stacktrace:
	chromedriver!GetHandleVerifier [0x7ff6a1627de5+14895]
	chromedriver!GetHandleVerifier [0x7ff6a1627e50+14900]
	chromedriver!(No symbol) [0x7ff6a138d5ad]
	chromedriver!(No symbol) [0x7ff6a1378a92]
	chromedriver!(No symbol) [0x7ff6a139ee6c]
	chromedriver!(No symbol) [0x7ff6a14171b0]
	chromedriver!(No symbol) [0x7ff6a1434172]
	chromedriver!(No symbol) [0x7ff6a13d9df8]
	chromedriver!(No symbol) [0x7ff6a13dace3]
	chromedriver!GetHandleVerifier [0x7ff6a193cc49+3296f9]
	chromedriver!GetHandleVerifier [0x7ff6a1937375+323e25]
	chromedriver!GetHandleVerifier [0x7ff6a195bc82+348732]
	chromedriver!GetHandleVerifier [0x7ff6a1646045+32af5]
	chromedriver!GetHandleVerifier [0x7ff6a164ecec+3b79c]
	chromedriver!GetHandleVerifier [0x7ff6a1631bc4+1e674]
	chromedriver!GetHandleVerifier [0x7ff6a1631d54+1e804]
	chromedriver!GetHandleVerifier [0x7ff6a16160e7+2b97]
	KERNEL32!BaseThreadInitThunk [0x7ffa1fb2e8d7+17]
	ntdll!RtlUserThreadStart [0x7ffa203ac40c+2c]

2026-05-20 15:57:26,737 - ERROR - TEST FAILED: Message: invalid session id: session deleted as the browser has closed the connection
from disconnected: not connected to DevTools
  (Session info: chrome=148.0.7778.168); For documentation on this error, please visit: https://www.selenium.dev/documentation/webdriver/troubleshooting/errors#invalidsessionidexception
Stacktrace:
	chromedriver!GetHandleVerifier [0x7ff6a1627de5+14895]
	chromedriver!GetHandleVerifier [0x7ff6a1627e50+14900]
	chromedriver!(No symbol) [0x7ff6a138d5ad]
	chromedriver!(No symbol) [0x7ff6a1378a92]
	chromedriver!(No symbol) [0x7ff6a139ee6c]
	chromedriver!(No symbol) [0x7ff6a14171b0]
	chromedriver!(No symbol) [0x7ff6a1434172]
	chromedriver!(No symbol) [0x7ff6a13d9df8]
	chromedriver!(No symbol) [0x7ff6a13dace3]
	chromedriver!GetHandleVerifier [0x7ff6a193cc49+3296f9]
	chromedriver!GetHandleVerifier [0x7ff6a1937375+323e25]
	chromedriver!GetHandleVerifier [0x7ff6a195bc82+348732]
	chromedriver!GetHandleVerifier [0x7ff6a1646045+32af5]
	chromedriver!GetHandleVerifier [0x7ff6a164ecec+3b79c]
	chromedriver!GetHandleVerifier [0x7ff6a1631bc4+1e674]
	chromedriver!GetHandleVerifier [0x7ff6a1631d54+1e804]
	chromedriver!GetHandleVerifier [0x7ff6a16160e7+2b97]
	KERNEL32!BaseThreadInitThunk [0x7ffa1fb2e8d7+17]
	ntdll!RtlUserThreadStart [0x7ffa203ac40c+2c]

2026-05-20 16:51:55,569 - ERROR - TEST FAILED:  Excel file not found at: testdata/user_data.xlsx
2026-05-20 16:54:18,844 - INFO - Opening Nykaa
2026-05-20 16:54:19,519 - INFO - Searching product
2026-05-20 16:54:26,157 - INFO - Opening product page
2026-05-20 16:54:26,308 - INFO - Product page opened
2026-05-20 16:54:27,420 - INFO - Added to bag
2026-05-20 16:54:27,594 - INFO - Cart opened
2026-05-20 16:54:42,560 - INFO - Proceeded to checkout
2026-05-20 16:54:42,774 - INFO - Guest clicked successfully
2026-05-20 16:54:42,800 - INFO - CURRENT URL: https://www.nykaa.com/v2/address
2026-05-20 16:54:42,888 - ERROR - TEST FAILED: 'house'
2026-05-20 16:57:03,472 - INFO - Opening Nykaa
2026-05-20 16:57:04,333 - INFO - Searching product
2026-05-20 16:57:11,098 - INFO - Opening product page
2026-05-20 16:57:11,253 - INFO - Product page opened
2026-05-20 16:57:12,187 - INFO - Added to bag
2026-05-20 16:57:12,361 - INFO - Cart opened
2026-05-20 16:57:30,075 - INFO - Proceeded to checkout
2026-05-20 16:57:30,248 - INFO - Guest clicked successfully
2026-05-20 16:57:30,279 - INFO - CURRENT URL: https://www.nykaa.com/v2/address
2026-05-20 16:57:41,053 - INFO - Address filled successfully
2026-05-20 16:57:41,082 - INFO - Checkout completed
2026-05-20 17:08:12,730 - INFO - Opening Nykaa
2026-05-20 17:08:13,384 - INFO - Searching product
2026-05-20 17:08:20,056 - INFO - Opening product page
2026-05-20 17:08:20,241 - INFO - Product page opened
2026-05-20 17:08:21,232 - INFO - Added to bag
2026-05-20 17:08:21,492 - INFO - Cart opened
2026-05-20 17:08:35,193 - INFO - Proceeded to checkout
2026-05-20 17:08:35,468 - INFO - Guest clicked successfully
2026-05-20 17:08:35,502 - INFO - CURRENT URL: https://www.nykaa.com/v2/address
2026-05-20 17:08:46,321 - INFO - Address filled successfully
2026-05-20 17:08:46,347 - INFO - Checkout completed
2026-05-20 17:13:39,855 - INFO - Opening Nykaa
2026-05-20 17:13:41,364 - INFO - Searching product
2026-05-20 17:13:47,853 - INFO - Opening product page
2026-05-20 17:13:48,014 - INFO - Product page opened
2026-05-20 17:13:48,935 - INFO - Added to bag
2026-05-20 17:13:49,106 - INFO - Cart opened
2026-05-20 17:13:53,773 - INFO - Proceeded to checkout
2026-05-20 17:13:54,042 - INFO - Guest clicked successfully
2026-05-20 17:13:54,134 - INFO - CURRENT URL: https://www.nykaa.com/v2/address
2026-05-20 17:14:26,445 - ERROR - TEST FAILED: Message: 
Stacktrace:
	chromedriver!GetHandleVerifier [0x7ff73bfd7de5+14895]
	chromedriver!GetHandleVerifier [0x7ff73bfd7e50+14900]
	chromedriver!(No symbol) [0x7ff73bd3d5ad]
	chromedriver!(No symbol) [0x7ff73bd97822]
	chromedriver!(No symbol) [0x7ff73bd97b2c]
	chromedriver!(No symbol) [0x7ff73bde7d17]
	chromedriver!(No symbol) [0x7ff73bde486f]
	chromedriver!(No symbol) [0x7ff73bd89df8]
	chromedriver!(No symbol) [0x7ff73bd8ace3]
	chromedriver!GetHandleVerifier [0x7ff73c2ecc49+3296f9]
	chromedriver!GetHandleVerifier [0x7ff73c2e7375+323e25]
	chromedriver!GetHandleVerifier [0x7ff73c30bc82+348732]
	chromedriver!GetHandleVerifier [0x7ff73bff6045+32af5]
	chromedriver!GetHandleVerifier [0x7ff73bffecec+3b79c]
	chromedriver!GetHandleVerifier [0x7ff73bfe1bc4+1e674]
	chromedriver!GetHandleVerifier [0x7ff73bfe1d54+1e804]
	chromedriver!GetHandleVerifier [0x7ff73bfc60e7+2b97]
	KERNEL32!BaseThreadInitThunk [0x7ffa1fb2e8d7+17]
	ntdll!RtlUserThreadStart [0x7ffa203ac40c+2c]

2026-05-20 17:16:04,824 - INFO - Opening Nykaa
2026-05-20 17:16:05,579 - INFO - Searching product
2026-05-20 17:16:12,179 - INFO - Opening product page
2026-05-20 17:16:12,349 - INFO - Product page opened
2026-05-20 17:16:13,432 - INFO - Added to bag
2026-05-20 17:16:13,770 - INFO - Cart opened
2026-05-20 17:16:29,534 - INFO - Proceeded to checkout
2026-05-20 17:17:00,613 - INFO - Guest clicked successfully
2026-05-20 17:17:00,624 - INFO - CURRENT URL: https://www.nykaa.com/v2/address
2026-05-20 17:19:24,760 - ERROR - TEST FAILED: Message: invalid session id: session deleted as the browser has closed the connection
from disconnected: unable to send message to renderer
  (Session info: chrome=148.0.7778.168); For documentation on this error, please visit: https://www.selenium.dev/documentation/webdriver/troubleshooting/errors#invalidsessionidexception
Stacktrace:
	chromedriver!GetHandleVerifier [0x7ff73bfd7de5+14895]
	chromedriver!GetHandleVerifier [0x7ff73bfd7e50+14900]
	chromedriver!(No symbol) [0x7ff73bd3d5ad]
	chromedriver!(No symbol) [0x7ff73bd290e0]
	chromedriver!(No symbol) [0x7ff73bd2903c]
	chromedriver!(No symbol) [0x7ff73bd27899]
	chromedriver!(No symbol) [0x7ff73bd2844f]
	chromedriver!(No symbol) [0x7ff73bd42ea6]
	chromedriver!(No symbol) [0x7ff73bd439eb]
	chromedriver!(No symbol) [0x7ff73bd485e5]
	chromedriver!(No symbol) [0x7ff73bd486af]
	chromedriver!(No symbol) [0x7ff73bd96f9e]
	chromedriver!(No symbol) [0x7ff73bd97b2c]
	chromedriver!(No symbol) [0x7ff73bde7d17]
	chromedriver!(No symbol) [0x7ff73bde486f]
	chromedriver!(No symbol) [0x7ff73bd89df8]
	chromedriver!(No symbol) [0x7ff73bd8ace3]
	chromedriver!GetHandleVerifier [0x7ff73c2ecc49+3296f9]
	chromedriver!GetHandleVerifier [0x7ff73c2e7375+323e25]
	chromedriver!GetHandleVerifier [0x7ff73c30bc82+348732]
	chromedriver!GetHandleVerifier [0x7ff73bff6045+32af5]
	chromedriver!GetHandleVerifier [0x7ff73bffecec+3b79c]
	chromedriver!GetHandleVerifier [0x7ff73bfe1bc4+1e674]
	chromedriver!GetHandleVerifier [0x7ff73bfe1d54+1e804]
	chromedriver!GetHandleVerifier [0x7ff73bfc60e7+2b97]
	KERNEL32!BaseThreadInitThunk [0x7ffa1fb2e8d7+17]
	ntdll!RtlUserThreadStart [0x7ffa203ac40c+2c]

2026-05-20 17:19:40,793 - INFO - Opening Nykaa
2026-05-20 17:19:41,727 - INFO - Searching product
2026-05-20 17:19:48,156 - INFO - Opening product page
2026-05-20 17:19:48,295 - INFO - Product page opened
2026-05-20 17:19:49,189 - INFO - Added to bag
2026-05-20 17:19:49,386 - INFO - Cart opened
2026-05-20 17:20:02,225 - INFO - Proceeded to checkout
2026-05-20 17:20:32,286 - INFO - Guest clicked successfully
2026-05-20 17:20:32,382 - ERROR - TEST FAILED: Message: invalid session id; For documentation on this error, please visit: https://www.selenium.dev/documentation/webdriver/troubleshooting/errors#invalidsessionidexception
Stacktrace:
	chromedriver!GetHandleVerifier [0x7ff73bfd7de5+14895]
	chromedriver!GetHandleVerifier [0x7ff73bfd7e50+14900]
	chromedriver!(No symbol) [0x7ff73bd3d396]
	chromedriver!(No symbol) [0x7ff73bd88e76]
	chromedriver!(No symbol) [0x7ff73bdbff62]
	chromedriver!(No symbol) [0x7ff73bdb9d7f]
	chromedriver!(No symbol) [0x7ff73bdb9543]
	chromedriver!(No symbol) [0x7ff73bd06325]
	chromedriver!GetHandleVerifier [0x7ff73c2ecc49+3296f9]
	chromedriver!GetHandleVerifier [0x7ff73c2e7375+323e25]
	chromedriver!GetHandleVerifier [0x7ff73c30bc82+348732]
	chromedriver!GetHandleVerifier [0x7ff73bff6045+32af5]
	chromedriver!GetHandleVerifier [0x7ff73bffecec+3b79c]
	chromedriver!(No symbol) [0x7ff73bd050bc]
	chromedriver!GetHandleVerifier [0x7ff73c450b18+48d5c8]
	KERNEL32!BaseThreadInitThunk [0x7ffa1fb2e8d7+17]
	ntdll!RtlUserThreadStart [0x7ffa203ac40c+2c]

2026-05-20 17:25:04,662 - INFO - Opening Nykaa
2026-05-20 17:25:05,497 - INFO - Searching product
2026-05-20 17:25:15,097 - INFO - Opening product
2026-05-20 17:39:44,400 - INFO - Searching shampoo
2026-05-20 17:39:54,293 - INFO - Product page opened
2026-05-20 17:39:57,655 - INFO - Added to bag
2026-05-20 17:40:01,808 - INFO - Cart opened
2026-05-20 17:40:06,657 - INFO - Proceed clicked
2026-05-20 17:40:11,718 - INFO - Guest clicked
2026-05-20 17:40:27,362 - INFO - Address filled successfully
2026-05-20 17:40:30,388 - INFO - Continue to payment clicked
2026-05-20 17:40:35,394 - INFO - Assertion passed - payment flow continued
2026-05-20 21:48:13,615 - INFO - Opening Nykaa
2026-05-20 21:48:14,520 - INFO - Searching product
2026-05-20 21:48:24,126 - INFO - Opening product
2026-05-20 21:52:17,637 - INFO - Opening Nykaa
2026-05-20 21:52:18,970 - INFO - Searching product
2026-05-20 21:52:28,615 - INFO - Opening product
2026-05-20 23:17:27,900 - INFO - Opening Nykaa
2026-05-20 23:17:28,900 - INFO - Searching product
2026-05-20 23:17:40,540 - INFO - Opening product
2026-05-20 23:31:53,054 - INFO - Opening Nykaa
2026-05-20 23:31:53,849 - INFO - Searching product
2026-05-20 23:32:03,308 - INFO - Opening product
2026-05-20 23:33:03,938 - INFO - Searching shampoo
2026-05-20 23:33:14,130 - INFO - Product page opened
2026-05-20 23:33:17,732 - INFO - Product added to cart
2026-05-20 23:33:20,746 - INFO - Assertion passed - product added
2026-05-20 23:33:24,359 - INFO - Searching conditioner
2026-05-20 23:33:33,808 - INFO - Product page opened
2026-05-20 23:33:37,389 - INFO - Added to bag
2026-05-20 23:33:41,500 - INFO - Cart opened
2026-05-20 23:33:46,522 - INFO - Assertion passed - cart opened
2026-05-20 23:33:50,222 - INFO - Searching hair oil
2026-05-20 23:33:59,705 - INFO - Product page opened
2026-05-20 23:34:02,790 - INFO - Added to bag
2026-05-20 23:34:06,919 - INFO - Cart opened
2026-05-20 23:34:10,494 - INFO - Proceed clicked
2026-05-20 23:34:15,574 - INFO - Guest checkout handled
2026-05-20 23:34:20,582 - INFO - Assertion passed - checkout opened
2026-05-20 23:34:24,135 - INFO - Searching shampoo
2026-05-20 23:34:33,818 - INFO - Product page opened
2026-05-20 23:34:37,154 - INFO - Added to bag
2026-05-20 23:34:41,265 - INFO - Cart opened
2026-05-20 23:34:54,772 - INFO - Proceed clicked
2026-05-20 23:34:59,833 - INFO - Guest clicked
2026-05-20 23:35:15,466 - INFO - Address filled successfully
2026-05-20 23:35:18,495 - INFO - Continue to payment clicked
2026-05-20 23:35:23,501 - INFO - Assertion passed - payment flow continued
2026-05-20 23:35:27,015 - INFO - Searching shampoo
2026-05-20 23:35:39,725 - INFO - Added to bag
2026-05-20 23:35:43,842 - INFO - Cart opened
2026-05-20 23:35:47,425 - INFO - Proceed clicked
2026-05-20 23:35:52,486 - INFO - Guest clicked
2026-05-20 23:36:08,119 - INFO - Invalid pincode entered
2026-05-20 23:36:13,129 - INFO - Assertion passed - invalid pincode blocked
2026-05-20 23:36:16,673 - INFO - Searching shampoo
2026-05-20 23:36:29,426 - INFO - Added to bag
2026-05-20 23:36:33,552 - INFO - Cart opened
2026-05-20 23:36:49,339 - INFO - Proceed clicked
2026-05-20 23:36:54,397 - INFO - Guest clicked
2026-05-20 23:36:59,427 - INFO - Tried continuing with empty fields
2026-05-20 23:37:04,434 - INFO - Assertion passed - empty fields validation working
2026-05-20 23:49:07,727 - INFO - Searching shampoo
2026-05-20 23:49:17,449 - INFO - Product page opened
2026-05-20 23:49:20,537 - INFO - Product added to cart
2026-05-20 23:49:23,558 - INFO - Assertion passed - product added
2026-05-20 23:49:27,462 - INFO - Searching conditioner
2026-05-20 23:49:37,086 - INFO - Product page opened
2026-05-20 23:49:40,165 - INFO - Added to bag
2026-05-20 23:49:44,287 - INFO - Cart opened
2026-05-20 23:49:49,309 - INFO - Assertion passed - cart opened
2026-05-20 23:49:53,026 - INFO - Searching hair oil
2026-05-20 23:50:02,485 - INFO - Product page opened
2026-05-20 23:50:05,570 - INFO - Added to bag
2026-05-20 23:50:09,707 - INFO - Cart opened
2026-05-20 23:50:17,407 - INFO - Proceed clicked
2026-05-20 23:50:22,495 - INFO - Guest checkout handled
2026-05-20 23:50:27,506 - INFO - Assertion passed - checkout opened
2026-05-20 23:50:31,468 - INFO - Searching shampoo
2026-05-20 23:50:41,169 - INFO - Product page opened
2026-05-20 23:50:53,935 - INFO - Added to bag
2026-05-20 23:50:58,055 - INFO - Cart opened
2026-05-20 23:51:16,732 - INFO - Proceed clicked
2026-05-20 23:51:21,806 - INFO - Guest clicked
2026-05-20 23:51:37,404 - INFO - Address filled successfully
2026-05-20 23:51:40,429 - INFO - Continue to payment clicked
2026-05-20 23:51:45,435 - INFO - Assertion passed - payment flow continued
2026-05-20 23:51:49,263 - INFO - Searching shampoo
2026-05-20 23:52:02,006 - INFO - Added to bag
2026-05-20 23:52:06,112 - INFO - Cart opened
2026-05-20 23:52:09,910 - INFO - Proceed clicked
2026-05-20 23:52:14,981 - INFO - Guest clicked
2026-05-20 23:52:30,567 - INFO - Invalid pincode entered
2026-05-20 23:52:35,573 - INFO - Assertion passed - invalid pincode blocked
2026-05-20 23:52:39,280 - INFO - Searching shampoo
2026-05-20 23:52:52,674 - INFO - Added to bag
2026-05-20 23:52:56,779 - INFO - Cart opened
2026-05-20 23:53:00,466 - INFO - Proceed clicked
2026-05-20 23:53:05,534 - INFO - Guest clicked
2026-05-20 23:53:10,561 - INFO - Tried continuing with empty fields
2026-05-20 23:53:15,568 - INFO - Assertion passed - empty fields validation working
2026-05-21 00:33:37,323 - INFO - Opening Nykaa
2026-05-21 00:33:37,912 - INFO - Searching product
2026-05-21 00:33:47,376 - INFO - Opening product
2026-05-21 00:34:26,315 - INFO - Guest button clicked
2026-05-21 00:34:31,350 - INFO - Address page opened
2026-05-21 00:34:31,484 - INFO - Entered Name: Test User
2026-05-21 00:34:31,650 - INFO - Entered Phone: 9999999999
2026-05-21 00:34:31,866 - INFO - Entered Email: testuser@gmail.com
2026-05-21 00:34:31,991 - INFO - Entered House: 110001
2026-05-21 00:34:32,122 - INFO - Entered Area: Delhi
2026-05-21 00:34:32,216 - INFO - Entered Pincode: 221B
2026-05-21 00:34:32,217 - INFO - Address filled successfully
2026-05-21 00:34:35,242 - INFO - Ship button clicked
2026-05-21 01:26:21,558 - INFO - Opening Nykaa
2026-05-21 01:26:22,336 - INFO - Searching product
2026-05-21 01:26:31,828 - INFO - Opening product
2026-05-21 01:26:47,796 - INFO - Guest button clicked
2026-05-21 01:26:52,829 - INFO - Address page opened
2026-05-21 01:26:52,954 - INFO - Entered Name: Test User
2026-05-21 01:26:53,116 - INFO - Entered Phone: 9999999999
2026-05-21 01:26:53,292 - INFO - Entered Email: testuser@gmail.com
2026-05-21 01:26:53,390 - INFO - Entered House: 221B
2026-05-21 01:26:53,522 - INFO - Entered Area: Delhi
2026-05-21 01:26:53,645 - INFO - Entered Pincode: 110001
2026-05-21 01:26:53,646 - INFO - Address filled successfully
2026-05-21 01:26:56,668 - INFO - Ship button clicked
2026-05-21 01:33:06,712 - INFO - Opening Nykaa
2026-05-21 01:33:07,354 - INFO - Searching product
2026-05-21 01:33:16,989 - INFO - Opening product
2026-05-21 01:33:36,179 - INFO - Guest button clicked
2026-05-21 01:33:41,219 - INFO - Address page opened
2026-05-21 01:33:41,367 - INFO - Entered Name: Test User
2026-05-21 01:33:41,543 - INFO - Entered Phone: 9999999999
2026-05-21 01:33:41,700 - INFO - Entered Email: testuser@gmail.com
2026-05-21 01:33:41,812 - INFO - Entered House: 221B
2026-05-21 01:33:41,912 - INFO - Entered Area: Delhi
2026-05-21 01:33:42,024 - INFO - Entered Pincode: 110001
2026-05-21 01:33:45,025 - INFO - Address filled successfully
2026-05-21 01:33:48,048 - INFO - Ship button clicked
2026-05-21 01:37:28,451 - INFO - Searching shampoo
2026-05-21 01:37:38,209 - INFO - Product page opened
2026-05-21 01:37:41,286 - INFO - Product added to cart
2026-05-21 01:37:44,303 - INFO - Assertion passed - product added
2026-05-21 01:37:47,856 - INFO - Searching conditioner
2026-05-21 01:37:57,635 - INFO - Product page opened
2026-05-21 01:38:01,164 - INFO - Added to bag
2026-05-21 01:38:05,278 - INFO - Cart opened
2026-05-21 01:38:10,301 - INFO - Assertion passed - cart opened
2026-05-21 01:38:14,013 - INFO - Searching hair oil
2026-05-21 01:38:23,711 - INFO - Product page opened
2026-05-21 01:38:26,798 - INFO - Added to bag
2026-05-21 01:38:30,913 - INFO - Cart opened
2026-05-21 01:38:35,671 - INFO - Proceed clicked
2026-05-21 01:38:40,726 - INFO - Guest button clicked
2026-05-21 01:38:40,727 - INFO - Guest checkout handled
2026-05-21 01:38:45,744 - INFO - Assertion passed - checkout opened
2026-05-21 01:38:49,393 - INFO - Searching shampoo
2026-05-21 01:38:59,019 - INFO - Product page opened
2026-05-21 01:39:02,600 - INFO - Added to bag
2026-05-21 01:39:06,708 - INFO - Cart opened
2026-05-21 01:39:11,736 - INFO - Proceed clicked
2026-05-21 01:39:16,823 - INFO - Guest button clicked
2026-05-21 01:39:16,823 - INFO - Guest clicked
2026-05-21 01:39:21,836 - INFO - Address page opened
2026-05-21 01:39:21,963 - INFO - Entered Name: Test User
2026-05-21 01:39:22,125 - INFO - Entered Phone: 9999999999
2026-05-21 01:39:22,281 - INFO - Entered Email: testuser@gmail.com
2026-05-21 01:39:22,397 - INFO - Entered House: 110001
2026-05-21 01:39:22,486 - INFO - Entered Area: 221B
2026-05-21 01:39:22,577 - INFO - Entered Pincode: Delhi
2026-05-21 01:39:25,578 - INFO - Address filled successfully
2026-05-21 01:39:25,578 - INFO - Address filled successfully
2026-05-21 01:39:28,621 - INFO - Ship button clicked
2026-05-21 01:39:28,622 - INFO - Continue to payment clicked
2026-05-21 01:39:33,628 - INFO - Assertion passed - payment flow continued
2026-05-21 01:39:37,248 - INFO - Searching shampoo
2026-05-21 01:39:49,900 - INFO - Added to bag
2026-05-21 01:39:54,030 - INFO - Cart opened
2026-05-21 01:40:01,948 - INFO - Proceed clicked
2026-05-21 01:40:07,013 - INFO - Guest button clicked
2026-05-21 01:40:07,013 - INFO - Guest clicked
2026-05-21 01:40:12,024 - INFO - Address page opened
2026-05-21 01:40:12,145 - INFO - Entered Name: Test User
2026-05-21 01:40:12,289 - INFO - Entered Phone: 9999999999
2026-05-21 01:40:12,469 - INFO - Entered Email: testuser@gmail.com
2026-05-21 01:40:12,594 - INFO - Entered House: 221B
2026-05-21 01:40:12,717 - INFO - Entered Area: Delhi
2026-05-21 01:40:12,835 - INFO - Entered Pincode: 000000
2026-05-21 01:40:15,836 - INFO - Address filled successfully
2026-05-21 01:40:15,836 - INFO - Invalid pincode entered
2026-05-21 01:40:20,842 - INFO - Assertion passed - invalid pincode blocked
2026-05-21 01:40:24,457 - INFO - Searching shampoo
2026-05-21 01:40:47,668 - INFO - Added to bag
2026-05-21 01:40:51,791 - INFO - Cart opened
2026-05-21 01:41:07,984 - INFO - Proceed clicked
2026-05-21 01:41:13,082 - INFO - Guest button clicked
2026-05-21 01:41:13,083 - INFO - Guest clicked
2026-05-21 01:41:18,114 - INFO - Ship button clicked
2026-05-21 01:41:18,114 - INFO - Tried continuing with empty fields
2026-05-21 01:41:23,120 - INFO - Assertion passed - empty fields validation working
2026-05-21 02:06:51,878 - INFO - Searching shampoo
2026-05-21 02:07:01,783 - INFO - Product page opened
2026-05-21 02:07:05,382 - INFO - Added to bag
2026-05-21 02:07:09,491 - INFO - Cart opened
2026-05-21 02:07:16,282 - INFO - Proceed clicked
2026-05-21 02:07:21,343 - INFO - Guest button clicked
2026-05-21 02:07:21,343 - INFO - Guest clicked
2026-05-21 02:07:26,359 - INFO - Address page opened
2026-05-21 02:07:26,475 - INFO - Entered Name: Test User
2026-05-21 02:07:26,630 - INFO - Entered Phone: 9999999999
2026-05-21 02:07:26,825 - INFO - Entered Email: testuser@gmail.com
2026-05-21 02:07:26,941 - INFO - Entered House: 110001
2026-05-21 02:07:27,065 - INFO - Entered Area: 221B
2026-05-21 02:07:27,156 - INFO - Entered Pincode: Delhi
2026-05-21 02:07:30,157 - INFO - Address filled successfully
2026-05-21 02:07:30,158 - INFO - Address filled successfully
2026-05-21 02:07:33,180 - INFO - Ship button clicked
2026-05-21 02:07:33,180 - INFO - Continue to payment clicked
2026-05-21 02:07:38,187 - INFO - Assertion passed - payment flow continued
2026-05-21 02:16:02,232 - INFO - STEP 1: Searching shampoo
2026-05-21 02:16:08,760 - INFO - STEP 2: Product page opened
2026-05-21 02:16:09,598 - INFO - STEP 3: Added to bag
2026-05-21 02:16:09,818 - INFO - STEP 4: Cart opened
2026-05-21 02:16:28,977 - INFO - STEP 5: Proceed clicked
2026-05-21 02:16:29,157 - INFO - Guest button clicked
2026-05-21 02:16:29,157 - INFO - STEP 6: Guest login handled
2026-05-21 02:16:29,172 - INFO - Address page opened
2026-05-21 02:16:29,520 - INFO - Entered Name: Test User
2026-05-21 02:16:29,803 - INFO - Entered Phone: 9999999999
2026-05-21 02:16:29,978 - INFO - Entered Email: testuser@gmail.com
2026-05-21 02:16:30,116 - INFO - Entered House: 221B
2026-05-21 02:16:30,260 - INFO - Entered Area: Delhi
2026-05-21 02:16:30,380 - INFO - Entered Pincode: 110001
2026-05-21 02:16:33,381 - INFO - Address filled successfully
2026-05-21 02:16:33,381 - INFO - STEP 7: Address filled successfully
2026-05-21 02:16:33,413 - INFO - Ship button clicked
2026-05-21 02:16:33,413 - INFO - STEP 8: Continue to payment clicked
2026-05-21 02:16:39,015 - INFO - TEST PASSED: Payment flow reached successfully
2026-05-21 02:17:36,180 - INFO - STEP 1: Searching shampoo
2026-05-21 02:17:42,766 - INFO - STEP 2: Product page opened
2026-05-21 02:17:54,622 - INFO - STEP 3: Added to bag
2026-05-21 02:17:54,793 - INFO - STEP 4: Cart opened
2026-05-21 02:18:24,293 - INFO - STEP 5: Proceed clicked
2026-05-21 02:18:24,538 - INFO - Guest button clicked
2026-05-21 02:18:24,538 - INFO - STEP 6: Guest login handled
2026-05-21 02:18:24,570 - INFO - Address page opened
2026-05-21 02:18:24,835 - INFO - Entered Name: Test User
2026-05-21 02:18:25,064 - INFO - Entered Phone: 9999999999
2026-05-21 02:18:25,228 - INFO - Entered Email: testuser@gmail.com
2026-05-21 02:18:25,340 - INFO - Entered House: 221B
2026-05-21 02:18:25,440 - INFO - Entered Area: Delhi
2026-05-21 02:18:25,556 - INFO - Entered Pincode: 110001
2026-05-21 02:18:28,557 - INFO - Address filled successfully
2026-05-21 02:18:28,558 - INFO - STEP 7: Address filled successfully
2026-05-21 02:18:28,583 - INFO - Ship button clicked
2026-05-21 02:18:28,584 - INFO - STEP 8: Continue to payment clicked
2026-05-21 11:49:13,305 - INFO - Opening Nykaa
2026-05-21 11:49:14,206 - INFO - Searching product
2026-05-21 11:49:23,790 - INFO - Opening product
2026-05-21 11:49:40,605 - INFO - Guest button clicked
2026-05-21 11:49:45,652 - INFO - Address page opened
2026-05-21 11:49:45,842 - INFO - Entered Name: Test User
2026-05-21 11:49:46,026 - INFO - Entered Phone: 9999999999
2026-05-21 11:49:46,213 - INFO - Entered Email: testuser@gmail.com
2026-05-21 11:49:46,363 - INFO - Entered House: 221B
2026-05-21 11:49:46,492 - INFO - Entered Area: Delhi
2026-05-21 11:49:46,646 - INFO - Entered Pincode: 110001
2026-05-21 11:49:49,647 - INFO - Address filled successfully
2026-05-21 11:49:52,671 - INFO - Ship button clicked
2026-05-21 11:54:58,121 - INFO - STEP 1: Searching shampoo
2026-05-21 11:55:04,773 - INFO - STEP 2: Product page opened
2026-05-21 11:55:05,743 - INFO - STEP 3: Added to bag
2026-05-21 11:55:05,941 - INFO - STEP 4: Cart opened
2026-05-21 11:55:23,744 - INFO - STEP 5: Proceed clicked
2026-05-21 11:55:23,931 - INFO - Guest button clicked
2026-05-21 11:55:23,932 - INFO - STEP 6: Guest login handled
2026-05-21 11:55:23,961 - INFO - Address page opened
2026-05-21 11:55:24,259 - INFO - Entered Name: Test User
2026-05-21 11:55:24,442 - INFO - Entered Phone: 9999999999
2026-05-21 11:55:24,610 - INFO - Entered Email: testuser@gmail.com
2026-05-21 11:55:24,703 - INFO - Entered House: 221B
2026-05-21 11:55:24,817 - INFO - Entered Area: Delhi
2026-05-21 11:55:24,938 - INFO - Entered Pincode: 110001
2026-05-21 11:55:27,939 - INFO - Address filled successfully
2026-05-21 11:55:27,940 - INFO - STEP 7: Address filled successfully
2026-05-21 11:55:27,964 - INFO - Ship button clicked
2026-05-21 11:55:27,964 - INFO - STEP 8: Continue to payment clicked
2026-05-21 12:00:04,476 - INFO - Searching shampoo
2026-05-21 12:00:14,495 - INFO - Product page opened
2026-05-21 12:00:18,094 - INFO - Added to bag
2026-05-21 12:00:22,249 - INFO - Cart opened
2026-05-21 12:00:26,753 - INFO - Proceed clicked
2026-05-21 12:00:31,816 - INFO - Guest button clicked
2026-05-21 12:00:31,817 - INFO - Guest clicked
2026-05-21 12:00:36,830 - INFO - Address page opened
2026-05-21 12:00:36,953 - INFO - Entered Name: Test User
2026-05-21 12:00:37,128 - INFO - Entered Phone: 9999999999
2026-05-21 12:00:37,336 - INFO - Entered Email: testuser@gmail.com
2026-05-21 12:00:37,470 - INFO - Entered House: 110001
2026-05-21 12:00:37,575 - INFO - Entered Area: 221B
2026-05-21 12:00:37,697 - INFO - Entered Pincode: Delhi
2026-05-21 12:00:40,698 - INFO - Address filled successfully
2026-05-21 12:00:40,698 - INFO - Address filled successfully
2026-05-21 12:00:43,721 - INFO - Ship button clicked
2026-05-21 12:00:43,722 - INFO - Continue to payment clicked
2026-05-21 12:00:48,726 - INFO - Assertion passed - payment flow continued
2026-05-21 12:07:32,532 - INFO - Searching shampoo
2026-05-21 12:07:42,146 - INFO - Product page opened
2026-05-21 12:07:55,130 - INFO - Added to bag
2026-05-21 12:07:59,294 - INFO - Cart opened
2026-05-21 12:08:14,496 - INFO - Proceed clicked
2026-05-21 12:08:19,576 - INFO - Guest button clicked
2026-05-21 12:08:19,577 - INFO - Guest clicked
2026-05-21 12:08:24,586 - INFO - Address page opened
2026-05-21 12:08:24,736 - INFO - Entered Name: Test User
2026-05-21 12:08:24,872 - INFO - Entered Phone: 9999999999
2026-05-21 12:08:25,089 - INFO - Entered Email: testuser@gmail.com
2026-05-21 12:08:25,235 - INFO - Entered House: 110001
2026-05-21 12:08:25,379 - INFO - Entered Area: 221B
2026-05-21 12:08:25,496 - INFO - Entered Pincode: Delhi
2026-05-21 12:08:28,497 - INFO - Address filled successfully
2026-05-21 12:08:28,498 - INFO - Address filled successfully
2026-05-21 12:08:31,516 - INFO - TEST PASSED: Address page loaded successfully
2026-05-21 12:09:28,623 - INFO - STEP 1: Searching shampoo
2026-05-21 12:09:35,419 - INFO - STEP 2: Product page opened
2026-05-21 12:09:36,490 - INFO - STEP 3: Added to bag
2026-05-21 12:09:36,707 - INFO - STEP 4: Cart opened
2026-05-21 12:09:49,440 - INFO - STEP 5: Proceed clicked
2026-05-21 12:09:49,752 - INFO - Guest button clicked
2026-05-21 12:09:49,752 - INFO - STEP 6: Guest login handled
2026-05-21 12:09:49,782 - INFO - Address page opened
2026-05-21 12:09:50,071 - INFO - Entered Name: Test User
2026-05-21 12:09:50,305 - INFO - Entered Phone: 9999999999
2026-05-21 12:09:50,492 - INFO - Entered Email: testuser@gmail.com
2026-05-21 12:09:50,606 - INFO - Entered House: 221B
2026-05-21 12:09:50,718 - INFO - Entered Area: Delhi
2026-05-21 12:09:50,862 - INFO - Entered Pincode: 110001
2026-05-21 12:09:53,863 - INFO - Address filled successfully
2026-05-21 12:09:53,863 - INFO - Address filled successfully
2026-05-21 12:09:56,883 - INFO - TEST PASSED: Address page loaded successfully
2026-05-21 12:22:50,196 - INFO - STEP 1: Searching shampoo
2026-05-21 12:22:57,062 - INFO - STEP 2: Product page opened
2026-05-21 12:23:10,186 - INFO - STEP 3: Added to bag
2026-05-21 12:23:10,302 - INFO - STEP 4: Cart opened
2026-05-21 12:23:36,547 - INFO - STEP 5: Proceed clicked
2026-05-21 12:23:36,751 - INFO - Guest button clicked
2026-05-21 12:23:36,751 - INFO - STEP 6: Guest login handled
2026-05-21 12:23:36,784 - INFO - Address page opened
2026-05-21 12:23:37,043 - INFO - Entered Name: Test User
2026-05-21 12:23:37,258 - INFO - Entered Phone: 9999999999
2026-05-21 12:23:37,418 - INFO - Entered Email: testuser@gmail.com
2026-05-21 12:23:37,520 - INFO - Entered House: 221B
2026-05-21 12:23:37,625 - INFO - Entered Area: Delhi
2026-05-21 12:23:37,736 - INFO - Entered Pincode: 110001
2026-05-21 12:23:40,737 - INFO - Address filled successfully
2026-05-21 12:23:40,738 - INFO - Address filled successfully
2026-05-21 12:23:43,759 - INFO - TEST PASSED: Address page loaded successfully
2026-05-21 12:31:55,700 - INFO - STEP 1: Searching shampoo
2026-05-21 12:32:02,384 - INFO - STEP 2: Product page opened
2026-05-21 12:32:17,285 - INFO - STEP 3: Added to bag
2026-05-21 12:32:17,500 - INFO - STEP 4: Cart opened
2026-05-21 12:32:38,104 - INFO - STEP 5: Proceed clicked
2026-05-21 12:32:38,306 - INFO - Guest button clicked
2026-05-21 12:32:38,306 - INFO - STEP 6: Guest login handled
2026-05-21 12:32:38,337 - INFO - Address page opened
2026-05-21 12:32:38,595 - INFO - Entered Name: Test User
2026-05-21 12:32:38,811 - INFO - Entered Phone: 9999999999
2026-05-21 12:32:38,979 - INFO - Entered Email: testuser@gmail.com
2026-05-21 12:32:39,089 - INFO - Entered House: 221B
2026-05-21 12:32:39,202 - INFO - Entered Area: Delhi
2026-05-21 12:32:39,320 - INFO - Entered Pincode: 110001
2026-05-21 12:32:42,321 - INFO - Address filled successfully
2026-05-21 12:32:42,321 - INFO - Address filled successfully
2026-05-21 12:32:45,340 - INFO - TEST PASSED: Address page loaded successfully
2026-05-21 12:35:58,142 - INFO - STEP 1: Searching shampoo
2026-05-21 12:36:04,797 - INFO - STEP 2: Product page opened
2026-05-21 12:36:17,733 - INFO - STEP 3: Added to bag
2026-05-21 12:36:17,889 - INFO - STEP 4: Cart opened
2026-05-21 12:36:31,733 - INFO - STEP 5: Proceed clicked
2026-05-21 12:36:31,935 - INFO - Guest button clicked
2026-05-21 12:36:31,935 - INFO - STEP 6: Guest login handled
2026-05-21 12:36:31,967 - INFO - Address page opened
2026-05-21 12:36:32,222 - INFO - Entered Name: Test User
2026-05-21 12:36:32,431 - INFO - Entered Phone: 9999999999
2026-05-21 12:36:32,624 - INFO - Entered Email: testuser@gmail.com
2026-05-21 12:36:32,746 - INFO - Entered House: 221B
2026-05-21 12:36:32,867 - INFO - Entered Area: Delhi
2026-05-21 12:36:33,013 - INFO - Entered Pincode: 110001
2026-05-21 12:36:36,014 - INFO - Address filled successfully
2026-05-21 12:36:36,015 - INFO - Address filled successfully
2026-05-21 12:36:39,036 - INFO - TEST PASSED: Address page loaded successfully
2026-05-21 12:45:17,831 - INFO - Opening Nykaa
2026-05-21 12:45:18,557 - INFO - Searching product
2026-05-21 12:45:28,314 - INFO - Opening product
2026-05-21 12:45:44,899 - INFO - Guest button clicked
2026-05-21 12:45:49,937 - INFO - Address page opened
2026-05-21 12:45:50,057 - INFO - Entered Name: Test User
2026-05-21 12:45:50,215 - INFO - Entered Phone: 9999999999
2026-05-21 12:45:50,396 - INFO - Entered Email: testuser@gmail.com
2026-05-21 12:45:50,506 - INFO - Entered House: 221B
2026-05-21 12:45:50,612 - INFO - Entered Area: Delhi
2026-05-21 12:45:50,745 - INFO - Entered Pincode: 110001
2026-05-21 12:45:53,746 - INFO - Address filled successfully
2026-05-21 12:46:17,304 - ERROR - Ship button failed: Message: 
Stacktrace:
	chromedriver!GetHandleVerifier [0x7ff6ec3c7de5+14895]
	chromedriver!GetHandleVerifier [0x7ff6ec3c7e50+14900]
	chromedriver!(No symbol) [0x7ff6ec12d5ad]
	chromedriver!(No symbol) [0x7ff6ec187822]
	chromedriver!(No symbol) [0x7ff6ec187b2c]
	chromedriver!(No symbol) [0x7ff6ec1d7d17]
	chromedriver!(No symbol) [0x7ff6ec1d486f]
	chromedriver!(No symbol) [0x7ff6ec179df8]
	chromedriver!(No symbol) [0x7ff6ec17ace3]
	chromedriver!GetHandleVerifier [0x7ff6ec6dcc49+3296f9]
	chromedriver!GetHandleVerifier [0x7ff6ec6d7375+323e25]
	chromedriver!GetHandleVerifier [0x7ff6ec6fbc82+348732]
	chromedriver!GetHandleVerifier [0x7ff6ec3e6045+32af5]
	chromedriver!GetHandleVerifier [0x7ff6ec3eecec+3b79c]
	chromedriver!GetHandleVerifier [0x7ff6ec3d1bc4+1e674]
	chromedriver!GetHandleVerifier [0x7ff6ec3d1d54+1e804]
	chromedriver!GetHandleVerifier [0x7ff6ec3b60e7+2b97]
	KERNEL32!BaseThreadInitThunk [0x7ffdbdbae8d7+17]
	ntdll!RtlUserThreadStart [0x7ffdbefec40c+2c]

2026-05-21 12:46:17,304 - ERROR - TEST FAILED: Message: 
Stacktrace:
	chromedriver!GetHandleVerifier [0x7ff6ec3c7de5+14895]
	chromedriver!GetHandleVerifier [0x7ff6ec3c7e50+14900]
	chromedriver!(No symbol) [0x7ff6ec12d5ad]
	chromedriver!(No symbol) [0x7ff6ec187822]
	chromedriver!(No symbol) [0x7ff6ec187b2c]
	chromedriver!(No symbol) [0x7ff6ec1d7d17]
	chromedriver!(No symbol) [0x7ff6ec1d486f]
	chromedriver!(No symbol) [0x7ff6ec179df8]
	chromedriver!(No symbol) [0x7ff6ec17ace3]
	chromedriver!GetHandleVerifier [0x7ff6ec6dcc49+3296f9]
	chromedriver!GetHandleVerifier [0x7ff6ec6d7375+323e25]
	chromedriver!GetHandleVerifier [0x7ff6ec6fbc82+348732]
	chromedriver!GetHandleVerifier [0x7ff6ec3e6045+32af5]
	chromedriver!GetHandleVerifier [0x7ff6ec3eecec+3b79c]
	chromedriver!GetHandleVerifier [0x7ff6ec3d1bc4+1e674]
	chromedriver!GetHandleVerifier [0x7ff6ec3d1d54+1e804]
	chromedriver!GetHandleVerifier [0x7ff6ec3b60e7+2b97]
	KERNEL32!BaseThreadInitThunk [0x7ffdbdbae8d7+17]
	ntdll!RtlUserThreadStart [0x7ffdbefec40c+2c]

2026-05-21 12:53:19,196 - INFO - Opening Nykaa
2026-05-21 12:53:19,949 - INFO - Searching product
2026-05-21 12:53:29,673 - INFO - Opening product
2026-05-21 12:54:07,853 - INFO - Guest button clicked
2026-05-21 12:54:12,888 - INFO - Address page opened
2026-05-21 12:54:13,006 - INFO - Entered Name: Test User
2026-05-21 12:54:13,143 - INFO - Entered Phone: 9999999999
2026-05-21 12:54:13,338 - INFO - Entered Email: testuser@gmail.com
2026-05-21 12:54:13,464 - INFO - Entered House: 221B
2026-05-21 12:54:13,581 - INFO - Entered Area: Delhi
2026-05-21 12:54:13,698 - INFO - Entered Pincode: 110001
2026-05-21 12:54:16,699 - INFO - Address filled successfully
2026-05-21 12:54:19,726 - INFO - Ship button clicked successfully
2026-05-21 17:54:47,520 - INFO - Opening Nykaa
2026-05-21 17:54:48,576 - INFO - Nykaa website opened successfully
2026-05-21 17:54:48,576 - INFO - Searching shampoo
2026-05-21 17:54:57,721 - INFO - Search results displayed successfully
2026-05-21 17:54:57,863 - INFO - Product page opened
2026-05-21 17:55:00,983 - INFO - Product page assertion passed
2026-05-21 17:55:01,507 - INFO - Product added to bag
2026-05-21 17:55:04,522 - INFO - Cart assertion passed
2026-05-21 17:55:05,681 - INFO - Cart opened
2026-05-21 17:55:08,702 - INFO - Cart opened assertion passed
2026-05-21 17:55:10,606 - INFO - Proceed clicked
2026-05-21 17:55:15,674 - INFO - Guest button clicked
2026-05-21 17:55:15,674 - INFO - Guest checkout handled
2026-05-21 17:55:15,744 - INFO - Address page assertion passed
2026-05-21 17:55:15,801 - INFO - Address page opened
2026-05-21 17:55:16,098 - INFO - Entered Name: Test User
2026-05-21 17:55:16,256 - INFO - Entered Phone: 9999999999
2026-05-21 17:55:16,459 - INFO - Entered Email: testuser@gmail.com
2026-05-21 17:55:16,574 - INFO - Entered House: 221B
2026-05-21 17:55:16,738 - INFO - Entered Area: Delhi
2026-05-21 17:55:16,884 - INFO - Entered Pincode: 110001
2026-05-21 17:55:19,885 - INFO - Address filled successfully
2026-05-21 17:55:19,886 - INFO - Address filled successfully
2026-05-21 17:55:24,902 - INFO - Ship button assertion passed
2026-05-21 17:55:24,928 - INFO - Ship button clicked successfully
2026-05-21 17:55:24,929 - INFO - Ship button clicked successfully
2026-05-21 17:55:29,935 - INFO - TEST PASSED SUCCESSFULLY
2026-05-21 18:23:19,979 - INFO - Opening Nykaa
2026-05-21 18:23:21,100 - INFO - Nykaa website opened successfully
2026-05-21 18:23:21,101 - INFO - Searching shampoo
2026-05-21 18:23:30,458 - INFO - Search results displayed
2026-05-21 18:23:33,643 - INFO - Product page opened
2026-05-21 18:23:37,330 - INFO - Product added to cart
2026-05-21 18:23:41,499 - INFO - Cart opened successfully
2026-05-21 18:23:59,074 - INFO - Proceed clicked
2026-05-21 18:23:59,160 - INFO - Guest button clicked
2026-05-21 18:23:59,160 - INFO - Guest checkout handled
2026-05-21 18:23:59,189 - INFO - Address page opened
2026-05-21 18:23:59,202 - INFO - Address page opened
2026-05-21 18:23:59,405 - INFO - Entered Name: Test User
2026-05-21 18:23:59,597 - INFO - Entered Phone: 9999999999
2026-05-21 18:23:59,765 - INFO - Entered Email: testuser@gmail.com
2026-05-21 18:23:59,875 - INFO - Entered House: 221B
2026-05-21 18:23:59,988 - INFO - Entered Area: Delhi
2026-05-21 18:24:00,123 - INFO - Entered Pincode: 110001
2026-05-21 18:24:03,125 - INFO - Address filled successfully
2026-05-21 18:24:03,125 - INFO - Address filled successfully
2026-05-21 18:24:08,143 - INFO - Ship button visible
2026-05-21 18:24:08,168 - INFO - Ship button clicked successfully
2026-05-21 18:24:08,169 - INFO - Ship button clicked
2026-05-21 18:24:13,175 - INFO - Checkout flow completed successfully
2026-05-21 18:29:54,343 - INFO - Guest button clicked
2026-05-21 18:29:54,373 - INFO - Address page opened
2026-05-21 18:29:54,627 - INFO - Entered Name: Test User
2026-05-21 18:29:54,825 - INFO - Entered Phone: 9999999999
2026-05-21 18:29:55,006 - INFO - Entered Email: testuser@gmail.com
2026-05-21 18:29:55,138 - INFO - Entered House: 221B
2026-05-21 18:29:55,251 - INFO - Entered Area: Delhi
2026-05-21 18:29:55,365 - INFO - Entered Pincode: 110001
2026-05-21 18:29:58,366 - INFO - Address filled successfully
2026-05-22 01:36:52,490 - INFO - Opening Nykaa
2026-05-22 01:36:53,584 - INFO - Nykaa website opened successfully
2026-05-22 01:36:53,585 - INFO - Opening Hair category
2026-05-22 01:37:13,795 - ERROR - TEST FAILED: Message: 

2026-05-22 01:46:01,102 - INFO - Opening Nykaa
2026-05-22 01:46:02,095 - INFO - Nykaa website opened successfully
2026-05-22 01:46:02,096 - INFO - Searching shampoo
2026-05-22 01:46:11,596 - INFO - Search results displayed
2026-05-22 01:46:14,799 - INFO - Product page opened
2026-05-22 01:46:18,262 - INFO - Product added to cart
2026-05-22 01:46:22,413 - INFO - Cart opened successfully
2026-05-22 01:46:36,987 - INFO - Proceed clicked
2026-05-22 01:46:37,073 - INFO - Guest button clicked
2026-05-22 01:46:37,073 - INFO - Guest checkout handled
2026-05-22 01:46:37,110 - INFO - Address page opened
2026-05-22 01:46:37,134 - INFO - Address page opened
2026-05-22 01:46:37,422 - INFO - Entered Name: Test User
2026-05-22 01:46:37,586 - INFO - Entered Phone: 9999999999
2026-05-22 01:46:37,737 - INFO - Entered Email: testuser@gmail.com
2026-05-22 01:46:37,837 - INFO - Entered House: 221B
2026-05-22 01:46:37,963 - INFO - Entered Area: Delhi
2026-05-22 01:46:38,069 - INFO - Entered Pincode: 110001
2026-05-22 01:46:41,070 - INFO - Address filled successfully
2026-05-22 01:46:41,071 - INFO - Address filled successfully
2026-05-22 01:46:46,089 - INFO - Ship button visible
2026-05-22 01:46:46,120 - INFO - Ship button clicked successfully
2026-05-22 01:46:46,120 - INFO - Ship button clicked
2026-05-22 01:46:51,127 - INFO - Checkout flow completed successfully
2026-05-22 11:31:01,340 - INFO - Guest button clicked
2026-05-22 11:31:01,373 - INFO - Address page opened
2026-05-22 11:31:01,612 - INFO - Entered Name: Test User
2026-05-22 11:31:02,050 - INFO - Entered Phone: 9999999999
2026-05-22 11:31:02,220 - INFO - Entered Email: testuser@gmail.com
2026-05-22 11:31:02,329 - INFO - Entered House: 221B
2026-05-22 11:31:02,471 - INFO - Entered Area: Delhi
2026-05-22 11:31:02,590 - INFO - Entered Pincode: 000000
2026-05-22 11:31:05,591 - INFO - Address filled successfully
2026-05-22 11:32:37,170 - INFO - Guest button clicked
2026-05-22 11:32:37,309 - INFO - Ship button clicked successfully
2026-05-22 11:34:02,423 - INFO - Cart opened
2026-05-22 11:35:45,525 - INFO - Guest button clicked
2026-05-22 11:36:36,220 - INFO - Searching shampoo
2026-05-22 11:36:45,741 - INFO - Product page opened
2026-05-22 11:36:48,877 - INFO - Product added to cart
2026-05-22 11:36:51,895 - INFO - Assertion passed - product added
2026-05-22 12:00:18,931 - INFO - Guest button clicked
2026-05-22 12:00:18,967 - INFO - Address page opened
2026-05-22 12:00:19,194 - INFO - Entered Name: Test User
2026-05-22 12:00:19,615 - INFO - Entered Phone: 9999999999
2026-05-22 12:00:19,797 - INFO - Entered Email: testuser@gmail.com
2026-05-22 12:00:19,915 - INFO - Entered House: 221B
2026-05-22 12:00:20,056 - INFO - Entered Area: Delhi
2026-05-22 12:00:20,168 - INFO - Entered Pincode: 000000
2026-05-22 12:00:23,169 - INFO - Address filled successfully
2026-05-22 12:09:48,977 - INFO - Guest button clicked
2026-05-22 12:09:49,126 - INFO - Ship button clicked successfully
2026-05-22 12:27:31,540 - INFO - Guest button clicked
2026-05-22 12:45:26,504 - INFO - Guest button clicked
2026-05-22 12:45:26,567 - INFO - Address page opened
2026-05-22 12:45:27,037 - INFO - Entered Name: Test User
2026-05-22 12:45:27,186 - INFO - Entered Phone: 9999999999
2026-05-22 12:45:27,358 - INFO - Entered Email: testuser@gmail.com
2026-05-22 12:45:27,482 - INFO - Entered House: 221B
2026-05-22 12:45:27,639 - INFO - Entered Area: Delhi
2026-05-22 12:45:27,784 - INFO - Entered Pincode: 000000
2026-05-22 12:45:30,786 - INFO - Address filled successfully
2026-05-22 12:46:43,659 - INFO - Opening Nykaa
2026-05-22 12:46:45,046 - INFO - Nykaa website opened successfully
2026-05-22 12:46:45,047 - INFO - Searching shampoo
2026-05-22 12:46:54,344 - INFO - Search results displayed
2026-05-22 12:46:57,480 - INFO - Product page opened
2026-05-22 12:47:00,630 - INFO - Product added to cart
2026-05-22 12:47:04,845 - INFO - Cart opened successfully
2026-05-22 12:47:22,570 - INFO - Proceed clicked
2026-05-22 12:47:22,654 - INFO - Guest button clicked
2026-05-22 12:47:22,654 - INFO - Guest checkout handled
2026-05-22 12:47:22,697 - INFO - Address page opened
2026-05-22 12:47:22,757 - INFO - Address page opened
2026-05-22 12:47:22,980 - INFO - Entered Name: Test User
2026-05-22 12:47:23,231 - INFO - Entered Phone: 9999999999
2026-05-22 12:47:23,435 - INFO - Entered Email: testuser@gmail.com
2026-05-22 12:47:23,577 - INFO - Entered House: 221B
2026-05-22 12:47:23,789 - INFO - Entered Area: Delhi
2026-05-22 12:47:23,932 - INFO - Entered Pincode: 110001
2026-05-22 12:47:26,933 - INFO - Address filled successfully
2026-05-22 12:47:26,934 - INFO - Address filled successfully
2026-05-22 12:47:52,446 - ERROR - TEST FAILED: Message: 
Stacktrace:
	chromedriver!GetHandleVerifier [0x7ff72c147de5+14895]
	chromedriver!GetHandleVerifier [0x7ff72c147e50+14900]
	chromedriver!(No symbol) [0x7ff72bead5ad]
	chromedriver!(No symbol) [0x7ff72bf07822]
	chromedriver!(No symbol) [0x7ff72bf07b2c]
	chromedriver!(No symbol) [0x7ff72bf57d17]
	chromedriver!(No symbol) [0x7ff72bf5486f]
	chromedriver!(No symbol) [0x7ff72bef9df8]
	chromedriver!(No symbol) [0x7ff72beface3]
	chromedriver!GetHandleVerifier [0x7ff72c45cc49+3296f9]
	chromedriver!GetHandleVerifier [0x7ff72c457375+323e25]
	chromedriver!GetHandleVerifier [0x7ff72c47bc82+348732]
	chromedriver!GetHandleVerifier [0x7ff72c166045+32af5]
	chromedriver!GetHandleVerifier [0x7ff72c16ecec+3b79c]
	chromedriver!GetHandleVerifier [0x7ff72c151bc4+1e674]
	chromedriver!GetHandleVerifier [0x7ff72c151d54+1e804]
	chromedriver!GetHandleVerifier [0x7ff72c1360e7+2b97]
	KERNEL32!BaseThreadInitThunk [0x7ffdbdbae8d7+17]
	ntdll!RtlUserThreadStart [0x7ffdbefec40c+2c]

2026-05-22 12:48:21,637 - INFO - Opening Nykaa
2026-05-22 12:48:22,788 - INFO - Nykaa website opened successfully
2026-05-22 12:48:22,788 - INFO - Searching shampoo
2026-05-22 12:48:32,283 - INFO - Search results displayed
2026-05-22 12:48:35,530 - INFO - Product page opened
2026-05-22 12:48:39,172 - INFO - Product added to cart
2026-05-22 12:48:43,358 - INFO - Cart opened successfully
2026-05-22 12:49:03,307 - INFO - Proceed clicked
2026-05-22 12:49:03,366 - INFO - Guest button clicked
2026-05-22 12:49:03,367 - INFO - Guest checkout handled
2026-05-22 12:49:03,397 - INFO - Address page opened
2026-05-22 12:49:03,411 - INFO - Address page opened
2026-05-22 12:49:03,714 - INFO - Entered Name: Test User
2026-05-22 12:49:03,866 - INFO - Entered Phone: 9999999999
2026-05-22 12:49:04,051 - INFO - Entered Email: testuser@gmail.com
2026-05-22 12:49:04,155 - INFO - Entered House: 221B
2026-05-22 12:49:04,276 - INFO - Entered Area: Delhi
2026-05-22 12:49:04,463 - INFO - Entered Pincode: 110001
2026-05-22 12:49:07,464 - INFO - Address filled successfully
2026-05-22 12:49:07,465 - INFO - Address filled successfully
2026-05-22 12:49:12,488 - INFO - Ship button visible
2026-05-22 12:49:12,520 - INFO - Ship button clicked successfully
2026-05-22 12:49:12,520 - INFO - Ship button clicked
2026-05-22 12:49:17,531 - INFO - Checkout flow completed successfully
2026-05-22 12:50:20,863 - INFO - Guest button clicked
2026-05-22 12:53:24,386 - INFO - Guest button clicked
2026-05-22 12:55:41,305 - INFO - Opening Nykaa
2026-05-22 12:55:43,050 - INFO - Nykaa website opened successfully
2026-05-22 12:55:43,051 - INFO - Searching shampoo
2026-05-22 12:55:52,271 - INFO - Search results displayed
2026-05-22 12:55:55,422 - INFO - Product page opened
2026-05-22 12:55:58,544 - INFO - Product added to cart
2026-05-22 12:56:02,743 - INFO - Cart opened successfully
2026-05-22 12:56:08,496 - INFO - Proceed clicked
2026-05-22 12:56:08,578 - INFO - Guest button clicked
2026-05-22 12:56:08,579 - INFO - Guest checkout handled
2026-05-22 12:56:08,642 - INFO - Address page opened
2026-05-22 12:56:08,712 - INFO - Address page opened
2026-05-22 12:56:08,916 - INFO - Entered Name: Test User
2026-05-22 12:56:09,109 - INFO - Entered Phone: 9999999999
2026-05-22 12:56:09,340 - INFO - Entered Email: testuser@gmail.com
2026-05-22 12:56:09,486 - INFO - Entered House: 221B
2026-05-22 12:56:09,670 - INFO - Entered Area: Delhi
2026-05-22 12:56:09,838 - INFO - Entered Pincode: 110001
2026-05-22 12:56:12,839 - INFO - Address filled successfully
2026-05-22 12:56:12,839 - INFO - Address filled successfully
2026-05-22 12:56:17,855 - INFO - Ship button visible
2026-05-22 12:56:17,881 - INFO - Ship button clicked successfully
2026-05-22 12:56:17,881 - INFO - Ship button clicked
2026-05-22 12:56:22,892 - INFO - Checkout flow completed successfully
2026-05-22 18:17:54,590 - INFO - Cart opened
2026-05-22 21:01:39,123 - INFO - Opening Nykaa
2026-05-22 21:01:41,140 - INFO - Nykaa website opened successfully
2026-05-22 21:01:41,141 - INFO - Searching shampoo
2026-05-22 21:01:50,525 - INFO - Search results displayed
2026-05-22 21:01:53,652 - INFO - Product page opened
2026-05-22 21:01:57,104 - INFO - Product added to cart
2026-05-22 21:02:01,247 - INFO - Cart opened successfully
2026-05-22 21:02:06,962 - INFO - Proceed clicked
2026-05-22 21:02:07,029 - INFO - Guest button clicked
2026-05-22 21:02:07,029 - INFO - Guest checkout handled
2026-05-22 21:02:07,059 - INFO - Address page opened
2026-05-22 21:02:07,064 - INFO - Address page opened
2026-05-22 21:02:07,313 - INFO - Entered Name: Test User
2026-05-22 21:02:07,497 - INFO - Entered Phone: 9999999999
2026-05-22 21:02:07,683 - INFO - Entered Email: testuser@gmail.com
2026-05-22 21:02:07,782 - INFO - Entered House: 221B
2026-05-22 21:02:07,895 - INFO - Entered Area: Delhi
2026-05-22 21:02:08,016 - INFO - Entered Pincode: 110001
2026-05-22 21:02:11,018 - INFO - Address filled successfully
2026-05-22 21:02:11,018 - INFO - Address filled successfully
2026-05-22 21:02:16,054 - INFO - Ship button visible
2026-05-22 21:02:16,089 - INFO - Ship button clicked successfully
2026-05-22 21:02:16,089 - INFO - Ship button clicked
2026-05-22 21:02:21,104 - INFO - Checkout flow completed successfully
